0 info it worked if it ends with ok
1 verbose cli [ '/usr/local/bin/node', '/usr/local/bin/npm', 'run', 'lint' ]
2 info using npm@3.10.10
3 info using node@v6.10.0
4 verbose run-script [ 'prelint', 'lint', 'postlint' ]
5 info lifecycle etools-loading@~prelint: etools-loading@
6 silly lifecycle etools-loading@~prelint: no script for prelint, continuing
7 info lifecycle etools-loading@~lint: etools-loading@
8 verbose lifecycle etools-loading@~lint: unsafe-perm in lifecycle true
9 verbose lifecycle etools-loading@~lint: PATH: /usr/local/lib/node_modules/npm/bin/node-gyp-bin:/Users/marko/Documents/projects/etools-loading/node_modules/.bin:/Users/marko/anaconda3/bin:/Library/Frameworks/Python.framework/Versions/3.6/bin:/usr/local/bin:/usr/bin:/bin:/usr/sbin:/sbin:/Applications/Postgres.app/Contents/Versions/latest/bin
10 verbose lifecycle etools-loading@~lint: CWD: /Users/marko/Documents/projects/etools-loading
11 silly lifecycle etools-loading@~lint: Args: [ '-c', 'npm run lint:javascript && exit 0' ]
12 silly lifecycle etools-loading@~lint: Returned: code: 1  signal: null
13 info lifecycle etools-loading@~lint: Failed to exec lint script
14 verbose stack Error: etools-loading@ lint: `npm run lint:javascript && exit 0`
14 verbose stack Exit status 1
14 verbose stack     at EventEmitter.<anonymous> (/usr/local/lib/node_modules/npm/lib/utils/lifecycle.js:255:16)
14 verbose stack     at emitTwo (events.js:106:13)
14 verbose stack     at EventEmitter.emit (events.js:191:7)
14 verbose stack     at ChildProcess.<anonymous> (/usr/local/lib/node_modules/npm/lib/utils/spawn.js:40:14)
14 verbose stack     at emitTwo (events.js:106:13)
14 verbose stack     at ChildProcess.emit (events.js:191:7)
14 verbose stack     at maybeClose (internal/child_process.js:877:16)
14 verbose stack     at Process.ChildProcess._handle.onexit (internal/child_process.js:226:5)
15 verbose pkgid etools-loading@
16 verbose cwd /Users/marko/Documents/projects/etools-loading
17 error Darwin 16.5.0
18 error argv "/usr/local/bin/node" "/usr/local/bin/npm" "run" "lint"
19 error node v6.10.0
20 error npm  v3.10.10
21 error code ELIFECYCLE
22 error etools-loading@ lint: `npm run lint:javascript && exit 0`
22 error Exit status 1
23 error Failed at the etools-loading@ lint script 'npm run lint:javascript && exit 0'.
23 error Make sure you have the latest version of node.js and npm installed.
23 error If you do, this is most likely a problem with the etools-loading package,
23 error not with npm itself.
23 error Tell the author that this fails on your system:
23 error     npm run lint:javascript && exit 0
23 error You can get information on how to open an issue for this project with:
23 error     npm bugs etools-loading
23 error Or if that isn't available, you can get their info via:
23 error     npm owner ls etools-loading
23 error There is likely additional logging output above.
24 verbose exit [ 1, true ]
